Starting job sequence: [(1, 3), (3, 2), (6, 3), (8, 1), (10, 2), (12, 3), (26, 1)]
Time 3, Preempting T3 with T2, Buffer: T3 330 T3
Time 8, Preempting T2 with T1, Buffer: T2 NNNNN T2
Time 10, T1 111 T1
Time 11, Resuming Preempt T2
Time 15, T2 NNNNNNNNNN T2
Time 16, Resuming Preempt T3
Time 16, T3 113 T3
Time 26, Preempting T2 with T1, Buffer: T2 NNNNNNNNN T2
Time 28, T1 111 T1
Time 29, Resuming Preempt T2
Time 29, T2 NNNNNNNNNN T2
Time 32, T3 333 T3

Starting random job sequence: [(1, 1), (2, 3), (6, 3), (8, 3), (12, 3), (13, 2), (15, 1), (16, 3), (17, 1), (18, 3)]
Time 3, T1 111 T1
Time 6, T3 333 T3
Time 9, T3 333 T3
Time 12, T3 333 T3
Time 13, Preempting T3 with T2, Buffer: T3 333 T3
Time 15, Preempting T2 with T1, Buffer: T2 NN T2
Time 17, T1 111 T1
Time 18, Resuming Preempt T2
Time 25, T2 NNNNNNNNNN T2
Time 26, Resuming Preempt T3
Time 28, T3 333 T3
Time 31, T1 111 T1
Time 34, T3 333 T3
